{
  "0 debug pnpm:scope": {
    "selected": 1
  },
  "1 error pnpm": {
    "code": "ELIFECYCLE",
    "errno": "ENOENT",
    "syscall": "spawn",
    "file": "sh",
    "pkgid": "@",
    "stage": "start",
    "script": "next start",
    "err": {
      "name": "pnpm",
      "message": "@ start: `next start`\nspawn ENOENT",
      "code": "ELIFECYCLE",
      "stack": "pnpm: @ start: `next start`\nspawn ENOENT\n    at ChildProcess.<anonymous> (/home/vlad/.nvm/versions/node/v16.6.1/pnpm-global/5/node_modules/.pnpm/pnpm@6.28.0/node_modules/pnpm/dist/pnpm.cjs:91976:22)\n    at ChildProcess.emit (node:events:394:28)\n    at maybeClose (node:internal/child_process:1067:16)\n    at Process.ChildProcess._handle.onexit (node:internal/child_process:301:5)"
    }
  },
  "2 warn pnpm:global": " Local package.json exists, but node_modules missing, did you mean to install?"
}